PLINK v1.90b3s 64-bit (17 Jun 2015)
Options in effect:
  --double-id
  --freq
  --id-delim .
  --out chb_yri_fin_chr2_108013601_111013601_filtered
  --set-missing-var-ids @:#
  --vcf chb_yri_fin_chr2_108013601_111013601_filtered.vcf.gz

Hostname: Josephs-MBP.irgb.cnr.group
Working directory: /Users/josephmarcus/Desktop/SSW_2015/data
Start time: Fri Jun 19 11:40:21 2015

Random number seed: 1434706821
4096 MB RAM detected; reserving 2048 MB for main workspace.
--vcf: chb_yri_fin_chr2_108013601_111013601_filtered-temporary.bed +
chb_yri_fin_chr2_108013601_111013601_filtered-temporary.bim +
chb_yri_fin_chr2_108013601_111013601_filtered-temporary.fam written.
70772 variants loaded from .bim file.
310 people (0 males, 0 females, 310 ambiguous) loaded from .fam.
Ambiguous sex IDs written to
chb_yri_fin_chr2_108013601_111013601_filtered.nosex .
Using 1 thread (no multithreaded calculations invoked).
Before main variant filters, 310 founders and 0 nonfounders present.
Calculating allele frequencies... done.
--freq: Allele frequencies (founders only) written to
chb_yri_fin_chr2_108013601_111013601_filtered.frq .

End time: Fri Jun 19 11:40:21 2015
